<?xml version="1.0" encoding="UTF-8"?>
<testng-results ignored="2" total="8" passed="6" failed="0" skipped="0">
  <reporter-output>
  </reporter-output>
  <suite started-at="2023-02-10T18:13:23 IST" name="Suite" finished-at="2023-02-10T18:13:23 IST" duration-ms="88">
    <groups>
    </groups>
    <test started-at="2023-02-10T18:13:23 IST" name="Test" finished-at="2023-02-10T18:13:23 IST" duration-ms="88">
      <class name="testPack.Automation">
        <test-method is-config="true" signature="beforeSuite()[pri:0, instance:testPack.Automation@1ddf84b8]" started-at="2023-02-10T18:13:23 IST" name="beforeSuite" finished-at="2023-02-10T18:13:23 IST" duration-ms="13" status="PASS">
          <reporter-output>
          </reporter-output>
        </test-method> <!-- beforeSuite -->
        <test-method is-config="true" signature="beforeTest()[pri:0, instance:testPack.Automation@1ddf84b8]" started-at="2023-02-10T18:13:23 IST" name="beforeTest" finished-at="2023-02-10T18:13:23 IST" duration-ms="1" status="PASS">
          <reporter-output>
          </reporter-output>
        </test-method> <!-- beforeTest -->
        <test-method is-config="true" signature="beforeClass()[pri:0, instance:testPack.Automation@1ddf84b8]" started-at="2023-02-10T18:13:23 IST" name="beforeClass" finished-at="2023-02-10T18:13:23 IST" duration-ms="0" status="PASS">
          <reporter-output>
          </reporter-output>
        </test-method> <!-- beforeClass -->
        <test-method signature="testA()[pri:0, instance:testPack.Automation@1ddf84b8]" started-at="2023-02-10T18:13:23 IST" name="testA" finished-at="2023-02-10T18:13:23 IST" duration-ms="2" status="PASS">
          <reporter-output>
          </reporter-output>
        </test-method> <!-- testA -->
        <test-method is-config="true" signature="beforeMethod()[pri:0, instance:testPack.Automation@1ddf84b8]" started-at="2023-02-10T18:13:23 IST" name="beforeMethod" finished-at="2023-02-10T18:13:23 IST" duration-ms="0" status="PASS">
          <reporter-output>
          </reporter-output>
        </test-method> <!-- beforeMethod -->
        <test-method is-config="true" signature="afterMethod()[pri:0, instance:testPack.Automation@1ddf84b8]" started-at="2023-02-10T18:13:23 IST" name="afterMethod" finished-at="2023-02-10T18:13:23 IST" duration-ms="0" status="PASS">
          <reporter-output>
          </reporter-output>
        </test-method> <!-- afterMethod -->
        <test-method is-config="true" signature="beforeMethod()[pri:0, instance:testPack.Automation@1ddf84b8]" started-at="2023-02-10T18:13:23 IST" name="beforeMethod" finished-at="2023-02-10T18:13:23 IST" duration-ms="0" status="PASS">
          <reporter-output>
          </reporter-output>
        </test-method> <!-- beforeMethod -->
        <test-method signature="testB()[pri:0, instance:testPack.Automation@1ddf84b8]" started-at="2023-02-10T18:13:23 IST" name="testB" finished-at="2023-02-10T18:13:23 IST" duration-ms="2" status="PASS">
          <reporter-output>
          </reporter-output>
        </test-method> <!-- testB -->
        <test-method is-config="true" signature="afterMethod()[pri:0, instance:testPack.Automation@1ddf84b8]" started-at="2023-02-10T18:13:23 IST" name="afterMethod" finished-at="2023-02-10T18:13:23 IST" duration-ms="0" status="PASS">
          <reporter-output>
          </reporter-output>
        </test-method> <!-- afterMethod -->
        <test-method is-config="true" signature="beforeMethod()[pri:0, instance:testPack.Automation@1ddf84b8]" started-at="2023-02-10T18:13:23 IST" name="beforeMethod" finished-at="2023-02-10T18:13:23 IST" duration-ms="0" status="PASS">
          <reporter-output>
          </reporter-output>
        </test-method> <!-- beforeMethod -->
        <test-method signature="testC()[pri:0, instance:testPack.Automation@1ddf84b8]" started-at="2023-02-10T18:13:23 IST" name="testC" finished-at="2023-02-10T18:13:23 IST" duration-ms="3" status="PASS">
          <reporter-output>
          </reporter-output>
        </test-method> <!-- testC -->
        <test-method is-config="true" signature="afterMethod()[pri:0, instance:testPack.Automation@1ddf84b8]" started-at="2023-02-10T18:13:23 IST" name="afterMethod" finished-at="2023-02-10T18:13:23 IST" duration-ms="0" status="PASS">
          <reporter-output>
          </reporter-output>
        </test-method> <!-- afterMethod -->
        <test-method signature="testD()[pri:0, instance:testPack.Automation@1ddf84b8]" started-at="2023-02-10T18:13:23 IST" name="testD" finished-at="2023-02-10T18:13:23 IST" duration-ms="2" status="PASS">
          <reporter-output>
          </reporter-output>
        </test-method> <!-- testD -->
        <test-method is-config="true" signature="beforeMethod()[pri:0, instance:testPack.Automation@1ddf84b8]" started-at="2023-02-10T18:13:23 IST" name="beforeMethod" finished-at="2023-02-10T18:13:23 IST" duration-ms="0" status="PASS">
          <reporter-output>
          </reporter-output>
        </test-method> <!-- beforeMethod -->
        <test-method is-config="true" signature="afterMethod()[pri:0, instance:testPack.Automation@1ddf84b8]" started-at="2023-02-10T18:13:23 IST" name="afterMethod" finished-at="2023-02-10T18:13:23 IST" duration-ms="0" status="PASS">
          <reporter-output>
          </reporter-output>
        </test-method> <!-- afterMethod -->
        <test-method is-config="true" signature="afterClass()[pri:0, instance:testPack.Automation@1ddf84b8]" started-at="2023-02-10T18:13:23 IST" name="afterClass" finished-at="2023-02-10T18:13:23 IST" duration-ms="1" status="PASS">
          <reporter-output>
          </reporter-output>
        </test-method> <!-- afterClass -->
        <test-method is-config="true" signature="afterTest()[pri:0, instance:testPack.Automation@1ddf84b8]" started-at="2023-02-10T18:13:23 IST" name="afterTest" finished-at="2023-02-10T18:13:23 IST" duration-ms="1" status="PASS">
          <reporter-output>
          </reporter-output>
        </test-method> <!-- afterTest -->
        <test-method is-config="true" signature="afterSuite()[pri:0, instance:testPack.Automation@1ddf84b8]" started-at="2023-02-10T18:13:23 IST" name="afterSuite" finished-at="2023-02-10T18:13:23 IST" duration-ms="1" status="PASS">
          <reporter-output>
          </reporter-output>
        </test-method> <!-- afterSuite -->
      </class> <!-- testPack.Automation -->
      <class name="testPack.TestNGClass">
        <test-method is-config="true" signature="beforeSuite()[pri:0, instance:testPack.TestNGClass@6a28ffa4]" started-at="2023-02-10T18:13:23 IST" name="beforeSuite" finished-at="2023-02-10T18:13:23 IST" duration-ms="0" status="PASS">
          <reporter-output>
          </reporter-output>
        </test-method> <!-- beforeSuite -->
        <test-method is-config="true" signature="beforeTest()[pri:0, instance:testPack.TestNGClass@6a28ffa4]" started-at="2023-02-10T18:13:23 IST" name="beforeTest" finished-at="2023-02-10T18:13:23 IST" duration-ms="0" status="PASS">
          <reporter-output>
          </reporter-output>
        </test-method> <!-- beforeTest -->
        <test-method is-config="true" signature="beforeClass()[pri:0, instance:testPack.TestNGClass@6a28ffa4]" started-at="2023-02-10T18:13:23 IST" name="beforeClass" finished-at="2023-02-10T18:13:23 IST" duration-ms="0" status="PASS">
          <reporter-output>
          </reporter-output>
        </test-method> <!-- beforeClass -->
        <test-method is-config="true" signature="beforeMethod()[pri:0, instance:testPack.TestNGClass@6a28ffa4]" started-at="2023-02-10T18:13:23 IST" name="beforeMethod" finished-at="2023-02-10T18:13:23 IST" duration-ms="0" status="PASS">
          <reporter-output>
          </reporter-output>
        </test-method> <!-- beforeMethod -->
        <test-method signature="testB()[pri:0, instance:testPack.TestNGClass@6a28ffa4]" started-at="2023-02-10T18:13:23 IST" name="testB" finished-at="2023-02-10T18:13:23 IST" duration-ms="10" status="PASS">
          <reporter-output>
          </reporter-output>
        </test-method> <!-- testB -->
        <test-method is-config="true" signature="afterMethod()[pri:0, instance:testPack.TestNGClass@6a28ffa4]" started-at="2023-02-10T18:13:23 IST" name="afterMethod" finished-at="2023-02-10T18:13:23 IST" duration-ms="1" status="PASS">
          <reporter-output>
          </reporter-output>
        </test-method> <!-- afterMethod -->
        <test-method is-config="true" signature="beforeMethod()[pri:0, instance:testPack.TestNGClass@6a28ffa4]" started-at="2023-02-10T18:13:23 IST" name="beforeMethod" finished-at="2023-02-10T18:13:23 IST" duration-ms="0" status="PASS">
          <reporter-output>
          </reporter-output>
        </test-method> <!-- beforeMethod -->
        <test-method signature="testD()[pri:0, instance:testPack.TestNGClass@6a28ffa4]" started-at="2023-02-10T18:13:23 IST" name="testD" finished-at="2023-02-10T18:13:23 IST" duration-ms="2" status="PASS">
          <reporter-output>
          </reporter-output>
        </test-method> <!-- testD -->
        <test-method is-config="true" signature="afterMethod()[pri:0, instance:testPack.TestNGClass@6a28ffa4]" started-at="2023-02-10T18:13:23 IST" name="afterMethod" finished-at="2023-02-10T18:13:23 IST" duration-ms="0" status="PASS">
          <reporter-output>
          </reporter-output>
        </test-method> <!-- afterMethod -->
        <test-method is-config="true" signature="afterClass()[pri:0, instance:testPack.TestNGClass@6a28ffa4]" started-at="2023-02-10T18:13:23 IST" name="afterClass" finished-at="2023-02-10T18:13:23 IST" duration-ms="0" status="PASS">
          <reporter-output>
          </reporter-output>
        </test-method> <!-- afterClass -->
        <test-method is-config="true" signature="afterTest()[pri:0, instance:testPack.TestNGClass@6a28ffa4]" started-at="2023-02-10T18:13:23 IST" name="afterTest" finished-at="2023-02-10T18:13:23 IST" duration-ms="0" status="PASS">
          <reporter-output>
          </reporter-output>
        </test-method> <!-- afterTest -->
        <test-method is-config="true" signature="afterSuite()[pri:0, instance:testPack.TestNGClass@6a28ffa4]" started-at="2023-02-10T18:13:23 IST" name="afterSuite" finished-at="2023-02-10T18:13:23 IST" duration-ms="2" status="PASS">
          <reporter-output>
          </reporter-output>
        </test-method> <!-- afterSuite -->
      </class> <!-- testPack.TestNGClass -->
    </test> <!-- Test -->
  </suite> <!-- Suite -->
</testng-results>
