<?xml version="1.0" encoding="UTF-8"?>
<!-- Generated by org.testng.reporters.JUnitXMLReporter -->
<testsuite ignored="2" hostname="Akshay" failures="0" tests="6" name="Test" time="0.088" errors="0" timestamp="2023-02-10T18:13:23 IST">
  <testcase classname="testPack.TestNGClass" name="testB" time="0.01"/>
  <testcase classname="testPack.TestNGClass" name="testD" time="0.002"/>
  <testcase classname="testPack.Automation" name="testA" time="0.002"/>
  <testcase classname="testPack.Automation" name="testB" time="0.002"/>
  <testcase classname="testPack.Automation" name="testC" time="0.003"/>
  <testcase classname="testPack.Automation" name="testD" time="0.002"/>
  <testcase classname="testPack.TestNGClass" name="testA" time="0.0">
    <ignored/>
  </testcase> <!-- testA -->
  <testcase classname="testPack.TestNGClass" name="testC" time="0.0">
    <ignored/>
  </testcase> <!-- testC -->
</testsuite> <!-- Test -->
