<?xml version="1.0" encoding="UTF-8"?>
<!-- Generated by org.testng.reporters.JUnitXMLReporter -->
<testsuite ignored="0" hostname="Akshay" failures="0" tests="4" name="Default test" time="0.085" errors="0" timestamp="2023-02-10T18:00:38 IST">
  <testcase classname="testPack.TestNGClass" name="testA" time="0.01"/>
  <testcase classname="testPack.TestNGClass" name="testB" time="0.002"/>
  <testcase classname="testPack.TestNGClass" name="testC" time="0.003"/>
  <testcase classname="testPack.TestNGClass" name="testD" time="0.001"/>
</testsuite> <!-- Default test -->
